<?xml version="1.0" encoding="UTF-8"?>
<!-- Generated by org.testng.reporters.JUnitReportReporter -->
<testsuite hostname="MANOJLAPTOP" failures="0" tests="2" name="testCases.TC001_AccountRegistrationTest" time="5.948" errors="0" timestamp="2024-11-23T17:42:44 CST" skipped="0">
  <testcase classname="testCases.TC001_AccountRegistrationTest" name="testAccountRegistration" time="3.302"/>
  <testcase classname="testCases.TC001_AccountRegistrationTest" name="testAccountRegistration" time="2.646"/>
</testsuite> <!-- testCases.TC001_AccountRegistrationTest -->
