<?xml version="1.0" encoding="UTF-8"?>
<!-- Generated by org.testng.reporters.JUnitReportReporter -->
<testsuite hostname="MANOJLAPTOP" failures="0" tests="2" name="testCases.TC002_LoginTest" time="4.254" errors="0" timestamp="2024-11-23T17:42:44 CST" skipped="0">
  <testcase classname="testCases.TC002_LoginTest" name="testLogin" time="2.214"/>
  <testcase classname="testCases.TC002_LoginTest" name="testLogin" time="2.040"/>
</testsuite> <!-- testCases.TC002_LoginTest -->
