<?xml version="1.0" encoding="UTF-8"?>
<!-- Generated by org.testng.reporters.JUnitReportReporter -->
<testsuite hostname="MANOJLAPTOP" failures="0" tests="1" name="testCases.TC002_LoginTest" time="2.024" errors="0" timestamp="2024-11-23T22:33:50 CST" skipped="0">
  <testcase classname="testCases.TC002_LoginTest" name="testLogin" time="2.024"/>
</testsuite> <!-- testCases.TC002_LoginTest -->
