<?xml version="1.0" encoding="UTF-8"?>
<!-- Generated by org.testng.reporters.JUnitReportReporter -->
<testsuite hostname="MANOJLAPTOP" failures="0" tests="1" name="testCases.TC001_AccountRegistrationTest" time="3.081" errors="0" timestamp="2024-11-23T22:33:50 CST" skipped="0">
  <testcase classname="testCases.TC001_AccountRegistrationTest" name="testAccountRegistration" time="3.081"/>
</testsuite> <!-- testCases.TC001_AccountRegistrationTest -->
